<?xml version="1.0" encoding="UTF-8"?>
<testng-results ignored="0" total="1" passed="1" failed="0" skipped="0">
  <reporter-output>
  </reporter-output>
  <suite started-at="2020-11-17T15:06:59 IST" name="Default suite" finished-at="2020-11-17T15:07:09 IST" duration-ms="9988">
    <groups>
    </groups>
    <test started-at="2020-11-17T15:06:59 IST" name="Default test" finished-at="2020-11-17T15:07:09 IST" duration-ms="9988">
      <class name="com.automate.FM1.LoginTest">
        <test-method signature="login()[pri:0, instance:com.automate.FM1.LoginTest@51891008]" started-at="2020-11-17T15:06:59 IST" name="login" finished-at="2020-11-17T15:07:09 IST" duration-ms="9663" status="PASS">
          <reporter-output>
          </reporter-output>
        </test-method> <!-- login -->
        <test-method is-config="true" signature="endReport()[pri:0, instance:com.automate.FM1.LoginTest@51891008]" started-at="2020-11-17T15:07:09 IST" name="endReport" finished-at="2020-11-17T15:07:09 IST" duration-ms="294" status="PASS">
          <reporter-output>
          </reporter-output>
        </test-method> <!-- endReport -->
      </class> <!-- com.automate.FM1.LoginTest -->
    </test> <!-- Default test -->
  </suite> <!-- Default suite -->
</testng-results>
